#
# There is insufficient memory for the Java Runtime Environment to continue.
# Native memory allocation (malloc) failed to allocate 1199936 bytes for Chunk::new
# Possible reasons:
#   The system is out of physical RAM or swap space
#   The process is running with CompressedOops enabled, and the Java Heap may be blocking the growth of the native heap
# Possible solutions:
#   Reduce memory load on the system
#   Increase physical memory or swap space
#   Check if swap backing store is full
#   Decrease Java heap size (-Xmx/-Xms)
#   Decrease number of Java threads
#   Decrease Java thread stack sizes (-Xss)
#   Set larger code cache with -XX:ReservedCodeCacheSize=
#   JVM is running with Unscaled Compressed Oops mode in which the Java heap is
#     placed in the first 4GB address space. The Java Heap base address is the
#     maximum limit for the native heap growth. Please use -XX:HeapBaseMinAddress
#     to set the Java Heap base and to place the Java Heap above 4GB virtual address.
# This output file may be truncated or incomplete.
#
#  Out of Memory Error (allocation.cpp:389), pid=15832, tid=0x00000000000034ac
#
# JRE version: OpenJDK Runtime Environment (8.0_275-b01) (build 1.8.0_275-b01)
# Java VM: OpenJDK 64-Bit Server VM (25.275-b01 mixed mode windows-amd64 compressed oops)
# Failed to write core dump. Minidumps are not enabled by default on client versions of Windows
#

---------------  T H R E A D  ---------------

Current thread (0x0000000015cc5000):  JavaThread "C2 CompilerThread0" daemon [_thread_in_native, id=13484, stack(0x0000000017330000,0x0000000017430000)]

Stack: [0x0000000017330000,0x0000000017430000]
[error occurred during error reporting (printing stack bounds), id 0xc0000005]

Native frames: (J=compiled Java code, j=interpreted, Vv=VM code, C=native code)


Current CompileTask:
C2:  58206 16699   !   4       java.io.ObjectOutputStream::writeObject0 (619 bytes)


---------------  P R O C E S S  ---------------

Java Threads: ( => current thread )
  0x00000000222cb000 JavaThread "stdout" [_thread_in_native, id=5404, stack(0x00000000288d0000,0x00000000289d0000)]
  0x00000000222ce000 JavaThread "stderr" [_thread_in_native, id=9364, stack(0x00000000287d0000,0x00000000288d0000)]
  0x00000000222d2000 JavaThread "stdout" [_thread_in_native, id=5888, stack(0x00000000286d0000,0x00000000287d0000)]
  0x00000000222cf000 JavaThread "stderr" [_thread_in_native, id=5152, stack(0x00000000285d0000,0x00000000286d0000)]
  0x00000000222cd800 JavaThread "stdout" [_thread_in_native, id=3648, stack(0x00000000284d0000,0x00000000285d0000)]
  0x00000000222d1800 JavaThread "stderr" [_thread_in_native, id=10852, stack(0x00000000283d0000,0x00000000284d0000)]
  0x00000000222cc800 JavaThread "stdout" [_thread_in_native, id=6316, stack(0x00000000282d0000,0x00000000283d0000)]
  0x00000000222d0800 JavaThread "stderr" [_thread_in_native, id=12472, stack(0x00000000281d0000,0x00000000282d0000)]
  0x000000001d16d800 JavaThread "stdout" [_thread_in_native, id=4600, stack(0x00000000280d0000,0x00000000281d0000)]
  0x000000001eb45800 JavaThread "stderr" [_thread_in_native, id=15624, stack(0x0000000027fd0000,0x00000000280d0000)]
  0x000000001eb43800 JavaThread "stdout" [_thread_in_native, id=7584, stack(0x0000000027ed0000,0x0000000027fd0000)]
  0x000000001eb42800 JavaThread "stderr" [_thread_in_native, id=5412, stack(0x0000000027dd0000,0x0000000027ed0000)]
  0x000000001cf40800 JavaThread "stdout" [_thread_in_native, id=6312, stack(0x0000000027cd0000,0x0000000027dd0000)]
  0x000000001cf3f800 JavaThread "stderr" [_thread_in_native, id=12204, stack(0x0000000027bd0000,0x0000000027cd0000)]
  0x000000001cf41000 JavaThread "stdout" [_thread_in_native, id=4504, stack(0x0000000027ad0000,0x0000000027bd0000)]
  0x000000001cf3e800 JavaThread "stderr" [_thread_in_native, id=14328, stack(0x00000000279d0000,0x0000000027ad0000)]
  0x000000001cf35800 JavaThread "pool-2-thread-1" [_thread_blocked, id=10720, stack(0x0000000026bd0000,0x0000000026cd0000)]
  0x000000001cf3d000 JavaThread "WorkerExecutor Queue Thread 15" [_thread_blocked, id=13460, stack(0x00000000276d0000,0x00000000277d0000)]
  0x000000001cf3c800 JavaThread "WorkerExecutor Queue Thread 14" [_thread_blocked, id=308, stack(0x00000000275d0000,0x00000000276d0000)]
  0x000000001cf34800 JavaThread "WorkerExecutor Queue Thread 13" [_thread_blocked, id=12324, stack(0x00000000274d0000,0x00000000275d0000)]
  0x000000001cf3b800 JavaThread "WorkerExecutor Queue Thread 12" [_thread_blocked, id=9212, stack(0x00000000273d0000,0x00000000274d0000)]
  0x000000001cf3b000 JavaThread "WorkerExecutor Queue Thread 11" [_thread_blocked, id=9172, stack(0x00000000272d0000,0x00000000273d0000)]
  0x000000001cf33000 JavaThread "WorkerExecutor Queue Thread 10" [_thread_blocked, id=12124, stack(0x00000000271d0000,0x00000000272d0000)]
  0x000000001cf37000 JavaThread "WorkerExecutor Queue Thread 9" [_thread_in_Java, id=10620, stack(0x00000000270d0000,0x00000000271d0000)]
  0x000000001cf3a000 JavaThread "WorkerExecutor Queue Thread 8" [_thread_blocked, id=10824, stack(0x0000000026fd0000,0x00000000270d0000)]
  0x000000001cf32000 JavaThread "WorkerExecutor Queue Thread 7" [_thread_blocked, id=15756, stack(0x0000000026ad0000,0x0000000026bd0000)]
  0x000000001cf36000 JavaThread "WorkerExecutor Queue Thread 6" [_thread_blocked, id=7544, stack(0x00000000257b0000,0x00000000258b0000)]
  0x000000001cf39000 JavaThread "WorkerExecutor Queue Thread 5" [_thread_blocked, id=14384, stack(0x0000000026ed0000,0x0000000026fd0000)]
  0x000000001eb47000 JavaThread "WorkerExecutor Queue" [_thread_in_vm, id=15468, stack(0x0000000025480000,0x0000000025580000)]
  0x000000001eb41000 JavaThread "Cache worker for Java compile cache (D:\DEV\REACT-NATIVE\bia\android\.gradle\6.2\javaCompile)" [_thread_blocked, id=8884, stack(0x0000000025180000,0x0000000025280000)]
  0x000000001eb44000 JavaThread "Cache worker for Java compile cache (C:\Users\DevPunk\.gradle\caches\6.2\javaCompile)" [_thread_blocked, id=9164, stack(0x0000000024c50000,0x0000000024d50000)]
  0x000000001eb46800 JavaThread "Cache worker for execution history cache (D:\DEV\REACT-NATIVE\bia\android\.gradle\6.2\executionHistory)" [_thread_blocked, id=11328, stack(0x0000000024a50000,0x0000000024b50000)]
  0x000000001eb41800 JavaThread "Execution worker for ':' Thread 11" [_thread_blocked, id=11812, stack(0x0000000024950000,0x0000000024a50000)]
  0x000000001eb45000 JavaThread "Execution worker for ':' Thread 10" [_thread_blocked, id=11964, stack(0x0000000024850000,0x0000000024950000)]
  0x000000001eb39000 JavaThread "Execution worker for ':' Thread 9" [_thread_blocked, id=13196, stack(0x0000000024750000,0x0000000024850000)]
  0x000000001eb40000 JavaThread "Execution worker for ':' Thread 8" [_thread_blocked, id=10128, stack(0x0000000023c20000,0x0000000023d20000)]
  0x000000001eb3e000 JavaThread "Execution worker for ':' Thread 7" [_thread_in_Java, id=6028, stack(0x0000000024650000,0x0000000024750000)]
  0x000000001eb3c000 JavaThread "Execution worker for ':' Thread 6" [_thread_blocked, id=7148, stack(0x0000000024550000,0x0000000024650000)]
  0x000000001eb3a800 JavaThread "Execution worker for ':' Thread 5" [_thread_blocked, id=2436, stack(0x0000000024450000,0x0000000024550000)]
  0x000000001eb3f800 JavaThread "Execution worker for ':' Thread 4" [_thread_blocked, id=12064, stack(0x0000000024350000,0x0000000024450000)]
  0x000000001eb3a000 JavaThread "Execution worker for ':' Thread 3" [_thread_blocked, id=2944, stack(0x0000000024250000,0x0000000024350000)]
  0x000000001eb3b800 JavaThread "Execution worker for ':' Thread 2" [_thread_blocked, id=6780, stack(0x0000000024150000,0x0000000024250000)]
  0x000000001eb38800 JavaThread "Execution worker for ':'" [_thread_blocked, id=5708, stack(0x0000000024050000,0x0000000024150000)]
  0x000000001eb3e800 JavaThread "Cache worker for file content cache (D:\DEV\REACT-NATIVE\bia\android\.gradle\6.2\fileContent)" [_thread_blocked, id=4672, stack(0x0000000023d50000,0x0000000023e50000)]
  0x000000001d16f000 JavaThread "Cache worker for file content cache (C:\Users\DevPunk\.gradle\caches\6.2\fileContent)" [_thread_blocked, id=3296, stack(0x0000000023900000,0x0000000023a00000)]
  0x000000001d169000 JavaThread "Memory manager" [_thread_blocked, id=11684, stack(0x0000000022e00000,0x0000000022f00000)]
  0x000000001d166000 JavaThread "Cache worker for Build Output Cleanup Cache (D:\DEV\REACT-NATIVE\bia\android\.gradle\buildOutputCleanup)" [_thread_blocked, id=9696, stack(0x0000000021330000,0x0000000021430000)]
  0x000000001d16b800 JavaThread "pool-1-thread-1" [_thread_blocked, id=10112, stack(0x0000000020c00000,0x0000000020d00000)]
  0x000000001d168000 JavaThread "Build operations Thread 12" [_thread_blocked, id=12000, stack(0x0000000020b00000,0x0000000020c00000)]
  0x000000001d16a800 JavaThread "Build operations Thread 11" [_thread_blocked, id=11700, stack(0x0000000020a00000,0x0000000020b00000)]
  0x000000001d165000 JavaThread "Build operations Thread 10" [_thread_blocked, id=12920, stack(0x0000000020900000,0x0000000020a00000)]
  0x000000001d169800 JavaThread "Build operations Thread 9" [_thread_blocked, id=2708, stack(0x0000000020800000,0x0000000020900000)]
  0x000000001d16c000 JavaThread "Build operations Thread 8" [_thread_blocked, id=4796, stack(0x0000000020700000,0x0000000020800000)]
  0x000000001d161000 JavaThread "Build operations Thread 7" [_thread_blocked, id=2500, stack(0x0000000020600000,0x0000000020700000)]
  0x000000001d160800 JavaThread "Build operations Thread 6" [_thread_blocked, id=7064, stack(0x0000000020500000,0x0000000020600000)]
  0x000000001d164000 JavaThread "Build operations Thread 5" [_thread_blocked, id=15160, stack(0x0000000020400000,0x0000000020500000)]
  0x000000001d163800 JavaThread "Build operations Thread 4" [_thread_blocked, id=5024, stack(0x0000000020300000,0x0000000020400000)]
  0x000000001d166800 JavaThread "Build operations Thread 3" [_thread_blocked, id=13416, stack(0x0000000020200000,0x0000000020300000)]
  0x000000001d162000 JavaThread "Build operations Thread 2" [_thread_blocked, id=3080, stack(0x0000000020100000,0x0000000020200000)]
  0x000000001d162800 JavaThread "Build operations" [_thread_blocked, id=9016, stack(0x000000001e810000,0x000000001e910000)]
  0x000000001924e800 JavaThread "Cache worker for execution history cache (C:\Users\DevPunk\.gradle\caches\6.2\executionHistory)" [_thread_blocked, id=9656, stack(0x000000001e310000,0x000000001e410000)]
  0x0000000019252800 JavaThread "Cache worker for cache directory md-rule (C:\Users\DevPunk\.gradle\caches\6.2\md-rule)" [_thread_blocked, id=3300, stack(0x000000001e210000,0x000000001e310000)]
  0x0000000019250800 JavaThread "Cache worker for cache directory md-supplier (C:\Users\DevPunk\.gradle\caches\6.2\md-supplier)" [_thread_blocked, id=4160, stack(0x000000001df10000,0x000000001e010000)]
  0x0000000019250000 JavaThread "Cache worker for file hash cache (D:\DEV\REACT-NATIVE\bia\android\.gradle\6.2\fileHashes)" [_thread_blocked, id=15596, stack(0x000000001dc10000,0x000000001dd10000)]
  0x000000001924c000 JavaThread "Cache worker for checksums cache (D:\DEV\REACT-NATIVE\bia\android\.gradle\checksums)" [_thread_blocked, id=12524, stack(0x000000001db10000,0x000000001dc10000)]
  0x000000001924d800 JavaThread "Cache worker for file hash cache (C:\Users\DevPunk\.gradle\caches\6.2\fileHashes)" [_thread_blocked, id=1668, stack(0x000000001b870000,0x000000001b970000)]
  0x000000001924f000 JavaThread "File lock request listener" [_thread_in_native, id=7096, stack(0x000000001b770000,0x000000001b870000)]
  0x0000000019253000 JavaThread "Cache worker for journal cache (C:\Users\DevPunk\.gradle\caches\journal-1)" [_thread_blocked, id=6432, stack(0x000000001b670000,0x000000001b770000)]
  0x00000000191d3800 JavaThread "Thread-9" [_thread_blocked, id=8948, stack(0x000000001b370000,0x000000001b470000)]
  0x00000000191d5000 JavaThread "Stdin handler" [_thread_blocked, id=8504, stack(0x000000001b270000,0x000000001b370000)]
  0x00000000191bc000 JavaThread "Asynchronous log dispatcher for DefaultDaemonConnection: socket connection from /127.0.0.1:61033 to /127.0.0.1:61034" [_thread_blocked, id=10304, stack(0x000000001b170000,0x000000001b270000)]
  0x0000000019207800 JavaThread "Daemon worker" [_thread_blocked, id=12480, stack(0x000000001b070000,0x000000001b170000)]
  0x00000000191fe800 JavaThread "Cancel handler" [_thread_blocked, id=4392, stack(0x000000001ae70000,0x000000001af70000)]
  0x00000000191ef000 JavaThread "Handler for socket connection from /127.0.0.1:61033 to /127.0.0.1:61034" [_thread_in_native, id=2192, stack(0x000000001ab70000,0x000000001ac70000)]
  0x00000000191ec800 JavaThread "Daemon" [_thread_blocked, id=3616, stack(0x000000001aa70000,0x000000001ab70000)]
  0x000000001919b000 JavaThread "Daemon periodic checks" [_thread_blocked, id=3544, stack(0x000000001a970000,0x000000001aa70000)]
  0x00000000190f7800 JavaThread "Incoming local TCP Connector on port 61033" [_thread_in_native, id=8104, stack(0x000000001a710000,0x000000001a810000)]
  0x000000001907f000 JavaThread "Daemon health stats" [_thread_blocked, id=2820, stack(0x000000001a0d0000,0x000000001a1d0000)]
  0x0000000015d4e000 JavaThread "Service Thread" daemon [_thread_blocked, id=6472, stack(0x0000000017730000,0x0000000017830000)]
  0x0000000015cc9800 JavaThread "C1 CompilerThread3" daemon [_thread_in_vm, id=3284, stack(0x0000000017630000,0x0000000017730000)]
  0x0000000015cc9000 JavaThread "C2 CompilerThread2" daemon [_thread_in_native, id=15320, stack(0x0000000017530000,0x0000000017630000)]
  0x0000000015cbf800 JavaThread "C2 CompilerThread1" daemon [_thread_in_vm, id=6436, stack(0x0000000017430000,0x0000000017530000)]
=>0x0000000015cc5000 JavaThread "C2 CompilerThread0" daemon [_thread_in_native, id=13484, stack(0x0000000017330000,0x0000000017430000)]
  0x0000000015cb6000 JavaThread "Attach Listener" daemon [_thread_blocked, id=5316, stack(0x0000000017230000,0x0000000017330000)]
  0x0000000015cb4800 JavaThread "Signal Dispatcher" daemon [_thread_blocked, id=6760, stack(0x0000000017130000,0x0000000017230000)]
  0x0000000002b3a800 JavaThread "Finalizer" daemon [_thread_blocked, id=3536, stack(0x0000000016f10000,0x0000000017010000)]
  0x0000000015ca3000 JavaThread "Reference Handler" daemon [_thread_blocked, id=2372, stack(0x0000000016e10000,0x0000000016f10000)]
  0x0000000002a42800 JavaThread "main" [_thread_blocked, id=14824, stack(0x0000000002940000,0x0000000002a40000)]

Other Threads:
  0x0000000015c82800 VMThread [stack: 0x0000000016d10000,0x0000000016e10000] [id=11816]
  0x0000000015d50800 WatcherThread [stack: 0x0000000017830000,0x0000000017930000] [id=13052]

VM state:not at safepoint (normal execution)

VM Mutex/Monitor currently owned by a thread:  ([mutex/lock_event])
[0x000000000292da10] CodeCache_lock - owner thread: 0x0000000015cc9800
[0x0000000002a40d50] CompiledIC_lock - owner thread: 0x0000000015cbf800
[0x0000000002a417d0] Compile_lock - owner thread: 0x0000000015cc9800

heap address: 0x00000000e0000000, size: 512 MB, Compressed Oops mode: 32-bit
Narrow klass base: 0x0000000000000000, Narrow klass shift: 3
Compressed class space size: 1073741824 Address: 0x0000000100000000

Heap:
 PSYoungGen      total 152576K, used 94186K [0x00000000f5580000, 0x0000000100000000, 0x0000000100000000)
  eden space 131584K, 60% used [0x00000000f5580000,0x00000000fa33cf08,0x00000000fd600000)
  from space 20992K, 69% used [0x00000000feb80000,0x00000000ff9bdc28,0x0000000100000000)
  to   space 21504K, 0% used [0x00000000fd600000,0x00000000fd600000,0x00000000feb00000)
 ParOldGen       total 189440K, used 87491K [0x00000000e0000000, 0x00000000eb900000, 0x00000000f5580000)
  object space 189440K, 46% used [0x00000000e0000000,0x00000000e5570c68,0x00000000eb900000)
 Metaspace       used 80951K, capacity 86982K, committed 87296K, reserved 1124352K
  class space    used 10991K, capacity 12205K, committed 12288K, reserved 1048576K

Card table byte_map: [0x0000000011f00000,0x0000000012010000] byte_map_base: 0x0000000011800000

Marking Bits: (ParMarkBitMap*) 0x0000000060a423c0
 Begin Bits: [0x0000000012ac0000, 0x00000000132c0000)
 End Bits:   [0x00000000132c0000, 0x0000000013ac0000)

Polling page: 0x00000000028f0000

CodeCache: size=245760Kb used=50681Kb max_used=50751Kb free=195078Kb
 bounds [0x0000000002b40000, 0x0000000005d10000, 0x0000000011b40000]
 total_blobs=14879 nmethods=14028 adapters=763
 compilation: enabled

Compilation events (10 events):
Event: 58.159 Thread 0x0000000015cc9800 nmethod 16751 0x0000000005ce7c10 code [0x0000000005ce7d60, 0x0000000005ce7eb0]
Event: 58.159 Thread 0x0000000015cc9800 16750       3       org.gradle.internal.execution.history.changes.SummarizingChangeContainer::<init> (13 bytes)
Event: 58.160 Thread 0x0000000015cc9800 nmethod 16750 0x0000000005cb1c10 code [0x0000000005cb1e20, 0x0000000005cb28b8]
Event: 58.162 Thread 0x0000000015cc9800 16753   !   2       org.gradle.api.internal.artifacts.transform.DefaultTransformerInvocationFactory$TransformerExecution::loadResultsFile (176 bytes)
Event: 58.163 Thread 0x0000000015cc9800 nmethod 16753 0x0000000005cfc910 code [0x0000000005cfcba0, 0x0000000005cfd5a8]
Event: 58.165 Thread 0x0000000015cbf800 nmethod 16729 0x0000000005d025d0 code [0x0000000005d02920, 0x0000000005d04138]
Event: 58.174 Thread 0x0000000015cc9800 16754       2       org.gradle.api.internal.file.DefaultFileCollectionFactory$EmptyFileCollection::<init> (10 bytes)
Event: 58.175 Thread 0x0000000015cc9800 nmethod 16754 0x0000000002ce78d0 code [0x0000000002ce7a20, 0x0000000002ce7b90]
Event: 58.193 Thread 0x0000000015cbf800 16748       4       java.util.HashMap$HashIterator::<init> (79 bytes)
Event: 58.196 Thread 0x0000000015cbf800 nmethod 16748 0x0000000002d66510 code [0x0000000002d66660, 0x0000000002d66918]

GC Heap History (10 events):
Event: 45.207 GC heap before
{Heap before GC invocations=17 (full 3):
 PSYoungGen      total 151552K, used 143197K [0x00000000f5580000, 0x0000000100000000, 0x0000000100000000)
  eden space 128512K, 100% used [0x00000000f5580000,0x00000000fd300000,0x00000000fd300000)
  from space 23040K, 63% used [0x00000000fd300000,0x00000000fe157448,0x00000000fe980000)
  to   space 22528K, 0% used [0x00000000fea00000,0x00000000fea00000,0x0000000100000000)
 ParOldGen       total 189440K, used 63434K [0x00000000e0000000, 0x00000000eb900000, 0x00000000f5580000)
  object space 189440K, 33% used [0x00000000e0000000,0x00000000e3df2a18,0x00000000eb900000)
 Metaspace       used 75014K, capacity 80536K, committed 80768K, reserved 1118208K
  class space    used 10423K, capacity 11566K, committed 11648K, reserved 1048576K
Event: 45.352 GC heap after
Heap after GC invocations=17 (full 3):
 PSYoungGen      total 150016K, used 10545K [0x00000000f5580000, 0x00000000ffe80000, 0x0000000100000000)
  eden space 129024K, 0% used [0x00000000f5580000,0x00000000f5580000,0x00000000fd380000)
  from space 20992K, 50% used [0x00000000fea00000,0x00000000ff44c610,0x00000000ffe80000)
  to   space 22016K, 0% used [0x00000000fd380000,0x00000000fd380000,0x00000000fe900000)
 ParOldGen       total 189440K, used 76281K [0x00000000e0000000, 0x00000000eb900000, 0x00000000f5580000)
  object space 189440K, 40% used [0x00000000e0000000,0x00000000e4a7e6f8,0x00000000eb900000)
 Metaspace       used 75014K, capacity 80536K, committed 80768K, reserved 1118208K
  class space    used 10423K, capacity 11566K, committed 11648K, reserved 1048576K
}
Event: 48.456 GC heap before
{Heap before GC invocations=18 (full 3):
 PSYoungGen      total 150016K, used 139569K [0x00000000f5580000, 0x00000000ffe80000, 0x0000000100000000)
  eden space 129024K, 100% used [0x00000000f5580000,0x00000000fd380000,0x00000000fd380000)
  from space 20992K, 50% used [0x00000000fea00000,0x00000000ff44c610,0x00000000ffe80000)
  to   space 22016K, 0% used [0x00000000fd380000,0x00000000fd380000,0x00000000fe900000)
 ParOldGen       total 189440K, used 76281K [0x00000000e0000000, 0x00000000eb900000, 0x00000000f5580000)
  object space 189440K, 40% used [0x00000000e0000000,0x00000000e4a7e6f8,0x00000000eb900000)
 Metaspace       used 78412K, capacity 84108K, committed 84224K, reserved 1122304K
  class space    used 10800K, capacity 11972K, committed 12032K, reserved 1048576K
Event: 48.511 GC heap after
Heap after GC invocations=18 (full 3):
 PSYoungGen      total 151040K, used 8416K [0x00000000f5580000, 0x0000000100000000, 0x0000000100000000)
  eden space 129024K, 0% used [0x00000000f5580000,0x00000000f5580000,0x00000000fd380000)
  from space 22016K, 38% used [0x00000000fd380000,0x00000000fdbb8378,0x00000000fe900000)
  to   space 22016K, 0% used [0x00000000fea80000,0x00000000fea80000,0x0000000100000000)
 ParOldGen       total 189440K, used 81958K [0x00000000e0000000, 0x00000000eb900000, 0x00000000f5580000)
  object space 189440K, 43% used [0x00000000e0000000,0x00000000e50098d8,0x00000000eb900000)
 Metaspace       used 78412K, capacity 84108K, committed 84224K, reserved 1122304K
  class space    used 10800K, capacity 11972K, committed 12032K, reserved 1048576K
}
Event: 52.831 GC heap before
{Heap before GC invocations=19 (full 3):
 PSYoungGen      total 151040K, used 137440K [0x00000000f5580000, 0x0000000100000000, 0x0000000100000000)
  eden space 129024K, 100% used [0x00000000f5580000,0x00000000fd380000,0x00000000fd380000)
  from space 22016K, 38% used [0x00000000fd380000,0x00000000fdbb8378,0x00000000fe900000)
  to   space 22016K, 0% used [0x00000000fea80000,0x00000000fea80000,0x0000000100000000)
 ParOldGen       total 189440K, used 81958K [0x00000000e0000000, 0x00000000eb900000, 0x00000000f5580000)
  object space 189440K, 43% used [0x00000000e0000000,0x00000000e50098d8,0x00000000eb900000)
 Metaspace       used 79358K, capacity 85090K, committed 85376K, reserved 1122304K
  class space    used 10869K, capacity 12035K, committed 12160K, reserved 1048576K
Event: 52.898 GC heap after
Heap after GC invocations=19 (full 3):
 PSYoungGen      total 150528K, used 11572K [0x00000000f5580000, 0x00000000ffe00000, 0x0000000100000000)
  eden space 130560K, 0% used [0x00000000f5580000,0x00000000f5580000,0x00000000fd500000)
  from space 19968K, 57% used [0x00000000fea80000,0x00000000ff5cd080,0x00000000ffe00000)
  to   space 20992K, 0% used [0x00000000fd500000,0x00000000fd500000,0x00000000fe980000)
 ParOldGen       total 189440K, used 83854K [0x00000000e0000000, 0x00000000eb900000, 0x00000000f5580000)
  object space 189440K, 44% used [0x00000000e0000000,0x00000000e51e38d0,0x00000000eb900000)
 Metaspace       used 79358K, capacity 85090K, committed 85376K, reserved 1122304K
  class space    used 10869K, capacity 12035K, committed 12160K, reserved 1048576K
}
Event: 55.234 GC heap before
{Heap before GC invocations=20 (full 3):
 PSYoungGen      total 150528K, used 142132K [0x00000000f5580000, 0x00000000ffe00000, 0x0000000100000000)
  eden space 130560K, 100% used [0x00000000f5580000,0x00000000fd500000,0x00000000fd500000)
  from space 19968K, 57% used [0x00000000fea80000,0x00000000ff5cd080,0x00000000ffe00000)
  to   space 20992K, 0% used [0x00000000fd500000,0x00000000fd500000,0x00000000fe980000)
 ParOldGen       total 189440K, used 83854K [0x00000000e0000000, 0x00000000eb900000, 0x00000000f5580000)
  object space 189440K, 44% used [0x00000000e0000000,0x00000000e51e38d0,0x00000000eb900000)
 Metaspace       used 79714K, capacity 85608K, committed 85888K, reserved 1122304K
  class space    used 10899K, capacity 12076K, committed 12160K, reserved 1048576K
Event: 55.266 GC heap after
Heap after GC invocations=20 (full 3):
 PSYoungGen      total 151552K, used 6833K [0x00000000f5580000, 0x0000000100000000, 0x0000000100000000)
  eden space 130560K, 0% used [0x00000000f5580000,0x00000000f5580000,0x00000000fd500000)
  from space 20992K, 32% used [0x00000000fd500000,0x00000000fdbac498,0x00000000fe980000)
  to   space 20992K, 0% used [0x00000000feb80000,0x00000000feb80000,0x0000000100000000)
 ParOldGen       total 189440K, used 85129K [0x00000000e0000000, 0x00000000eb900000, 0x00000000f5580000)
  object space 189440K, 44% used [0x00000000e0000000,0x00000000e5322718,0x00000000eb900000)
 Metaspace       used 79714K, capacity 85608K, committed 85888K, reserved 1122304K
  class space    used 10899K, capacity 12076K, committed 12160K, reserved 1048576K
}
Event: 57.282 GC heap before
{Heap before GC invocations=21 (full 3):
 PSYoungGen      total 151552K, used 137393K [0x00000000f5580000, 0x0000000100000000, 0x0000000100000000)
  eden space 130560K, 100% used [0x00000000f5580000,0x00000000fd500000,0x00000000fd500000)
  from space 20992K, 32% used [0x00000000fd500000,0x00000000fdbac498,0x00000000fe980000)
  to   space 20992K, 0% used [0x00000000feb80000,0x00000000feb80000,0x0000000100000000)
 ParOldGen       total 189440K, used 85129K [0x00000000e0000000, 0x00000000eb900000, 0x00000000f5580000)
  object space 189440K, 44% used [0x00000000e0000000,0x00000000e5322718,0x00000000eb900000)
 Metaspace       used 80524K, capacity 86472K, committed 86656K, reserved 1124352K
  class space    used 10953K, capacity 12158K, committed 12160K, reserved 1048576K
Event: 57.379 GC heap after
Heap after GC invocations=21 (full 3):
 PSYoungGen      total 152576K, used 14583K [0x00000000f5580000, 0x0000000100000000, 0x0000000100000000)
  eden space 131584K, 0% used [0x00000000f5580000,0x00000000f5580000,0x00000000fd600000)
  from space 20992K, 69% used [0x00000000feb80000,0x00000000ff9bdc28,0x0000000100000000)
  to   space 21504K, 0% used [0x00000000fd600000,0x00000000fd600000,0x00000000feb00000)
 ParOldGen       total 189440K, used 87491K [0x00000000e0000000, 0x00000000eb900000, 0x00000000f5580000)
  object space 189440K, 46% used [0x00000000e0000000,0x00000000e5570c68,0x00000000eb900000)
 Metaspace       used 80524K, capacity 86472K, committed 86656K, reserved 1124352K
  class space    used 10953K, capacity 12158K, committed 12160K, reserved 1048576K
}

Deoptimization events (10 events):
Event: 58.029 Thread 0x000000001eb45000 Uncommon trap: reason=array_check action=maybe_recompile pc=0x0000000004aad7dc method=java.util.TimSort.reverseRange([Ljava/lang/Object;II)V @ 20
Event: 58.080 Thread 0x000000001eb3c000 Uncommon trap: reason=unstable_if action=reinterpret pc=0x0000000002dd406c method=java.util.HashMap$HashIterator.<init>(Ljava/util/HashMap;)V @ 45
Event: 58.080 Thread 0x000000001eb3c000 Uncommon trap: reason=unstable_if action=reinterpret pc=0x0000000003f1fa4c method=java.util.HashMap$HashIterator.<init>(Ljava/util/HashMap;)V @ 45
Event: 58.113 Thread 0x000000001eb3c000 Uncommon trap: reason=unstable_if action=reinterpret pc=0x00000000058c2144 method=java.util.HashMap$HashIterator.<init>(Ljava/util/HashMap;)V @ 45
Event: 58.113 Thread 0x000000001eb3f800 Uncommon trap: reason=unstable_if action=reinterpret pc=0x00000000058c2144 method=java.util.HashMap$HashIterator.<init>(Ljava/util/HashMap;)V @ 45
Event: 58.113 Thread 0x000000001eb3b800 Uncommon trap: reason=unstable_if action=reinterpret pc=0x00000000058c2144 method=java.util.HashMap$HashIterator.<init>(Ljava/util/HashMap;)V @ 45
Event: 58.114 Thread 0x0000000019207800 Uncommon trap: reason=unstable_if action=reinterpret pc=0x00000000058c2144 method=java.util.HashMap$HashIterator.<init>(Ljava/util/HashMap;)V @ 45
Event: 58.114 Thread 0x000000001eb39000 Uncommon trap: reason=unstable_if action=reinterpret pc=0x00000000058c2144 method=java.util.HashMap$HashIterator.<init>(Ljava/util/HashMap;)V @ 45
Event: 58.115 Thread 0x000000001eb3e000 Uncommon trap: reason=unstable_if action=reinterpret pc=0x00000000058c2144 method=java.util.HashMap$HashIterator.<init>(Ljava/util/HashMap;)V @ 45
Event: 58.115 Thread 0x000000001eb38800 Uncommon trap: reason=unstable_if action=reinterpret pc=0x00000000058c2144 method=java.util.HashMap$HashIterator.<init>(Ljava/util/HashMap;)V @ 45

Classes redefined (0 events):
No events

Internal exceptions (10 events):
Event: 56.416 Thread 0x000000001cf39000 Exception <a 'sun/nio/fs/WindowsException'> (0x00000000f5afcdf8) thrown at [C:\cygwin64\tmp\build\source\java-1.8.0-openjdk\tmp\jdk8u\hotspot\src\share\vm\prims\jni.cpp, line 711]
Event: 56.520 Thread 0x000000001eb3f800 Exception <a 'sun/nio/fs/WindowsException'> (0x00000000f82bc390) thrown at [C:\cygwin64\tmp\build\source\java-1.8.0-openjdk\tmp\jdk8u\hotspot\src\share\vm\prims\jni.cpp, line 711]
Event: 56.557 Thread 0x000000001cf3b000 Exception <a 'sun/nio/fs/WindowsException'> (0x00000000f7f6cac0) thrown at [C:\cygwin64\tmp\build\source\java-1.8.0-openjdk\tmp\jdk8u\hotspot\src\share\vm\prims\jni.cpp, line 711]
Event: 56.737 Thread 0x000000001eb39000 Implicit null exception at 0x0000000002dcbc56 to 0x0000000002dcbfdd
Event: 57.642 Thread 0x000000001eb45000 Implicit null exception at 0x000000000501c6d6 to 0x000000000501cc76
Event: 57.758 Thread 0x000000001eb45000 Implicit null exception at 0x0000000005bd9157 to 0x0000000005bd94c5
Event: 58.023 Thread 0x000000001eb45000 Exception <a 'java/lang/NoSuchMethodError': <clinit>> (0x00000000f871f050) thrown at [C:\cygwin64\tmp\build\source\java-1.8.0-openjdk\tmp\jdk8u\hotspot\src\share\vm\prims\jni.cpp, line 1616]
Event: 58.024 Thread 0x000000001eb45000 Exception <a 'java/lang/NoSuchMethodError': <clinit>> (0x00000000f873a358) thrown at [C:\cygwin64\tmp\build\source\java-1.8.0-openjdk\tmp\jdk8u\hotspot\src\share\vm\prims\jni.cpp, line 1616]
Event: 58.024 Thread 0x000000001eb45000 Exception <a 'java/lang/NoSuchMethodError': <clinit>> (0x00000000f873f240) thrown at [C:\cygwin64\tmp\build\source\java-1.8.0-openjdk\tmp\jdk8u\hotspot\src\share\vm\prims\jni.cpp, line 1616]
Event: 58.026 Thread 0x000000001eb45000 Exception <a 'java/lang/NoSuchMethodError': <clinit>> (0x00000000f874f0e0) thrown at [C:\cygwin64\tmp\build\source\java-1.8.0-openjdk\tmp\jdk8u\hotspot\src\share\vm\prims\jni.cpp, line 1616]

Events (10 events):
Event: 58.194 loading class com/android/builder/internal/aapt/v2/Aapt2DaemonUtil
Event: 58.194 loading class com/android/builder/internal/aapt/v2/Aapt2DaemonUtil done
Event: 58.194 loading class com/android/builder/internal/aapt/AaptException
Event: 58.194 loading class com/android/builder/internal/aapt/AaptException done
Event: 58.195 loading class com/android/builder/internal/aapt/v2/AaptV2CommandBuilder
Event: 58.195 loading class com/android/builder/internal/aapt/v2/AaptV2CommandBuilder done
Event: 58.197 Thread 0x0000000015cbf800 flushing nmethod 0x0000000002e41350
Event: 58.198 Thread 0x0000000015cbf800 flushing nmethod 0x0000000002e54510
Event: 58.198 Thread 0x0000000015cbf800 flushing nmethod 0x0000000002e57d50
Event: 58.201 Thread 0x0000000015cbf800 flushing nmethod 0x0000000002e91510


Dynamic libraries:
0x00007ff794b70000 - 0x00007ff794ba5000 	C:\Program Files\OpenJDK\openjdk-8u275-b01\bin\java.exe
0x00007ffda0fd0000 - 0x00007ffda11c6000 	C:\Windows\SYSTEM32\ntdll.dll
0x00007ffd9f520000 - 0x00007ffd9f5dd000 	C:\Windows\System32\KERNEL32.DLL
0x00007ffd9e810000 - 0x00007ffd9ead9000 	C:\Windows\System32\KERNELBASE.dll
0x00007ffd9f360000 - 0x00007ffd9f40c000 	C:\Windows\System32\ADVAPI32.dll
0x00007ffd9fdd0000 - 0x00007ffd9fe6e000 	C:\Windows\System32\msvcrt.dll
0x00007ffd9fe70000 - 0x00007ffd9ff0c000 	C:\Windows\System32\sechost.dll
0x00007ffda0b70000 - 0x00007ffda0c9b000 	C:\Windows\System32\RPCRT4.dll
0x00007ffd9f6d0000 - 0x00007ffd9f870000 	C:\Windows\System32\USER32.dll
0x00007ffd9eb90000 - 0x00007ffd9ebb2000 	C:\Windows\System32\win32u.dll
0x00007ffda0f00000 - 0x00007ffda0f2a000 	C:\Windows\System32\GDI32.dll
0x00007ffd9eea0000 - 0x00007ffd9efab000 	C:\Windows\System32\gdi32full.dll
0x00007ffd9e710000 - 0x00007ffd9e7ad000 	C:\Windows\System32\msvcp_win.dll
0x00007ffd9ed50000 - 0x00007ffd9ee50000 	C:\Windows\System32\ucrtbase.dll
0x00007ffd864e0000 - 0x00007ffd8677b000 	C:\Windows\WinSxS\amd64_microsoft.windows.common-controls_6595b64144ccf1df_6.0.19041.746_none_ca02b4b61b8320a4\COMCTL32.dll
0x00007ffd9f410000 - 0x00007ffd9f440000 	C:\Windows\System32\IMM32.DLL
0x0000000061cd0000 - 0x0000000061da2000 	C:\Program Files\OpenJDK\openjdk-8u275-b01\jre\bin\msvcr100.dll
0x0000000060230000 - 0x0000000060ac4000 	C:\Program Files\OpenJDK\openjdk-8u275-b01\jre\bin\server\jvm.dll
0x00007ffd9ffe0000 - 0x00007ffd9ffe8000 	C:\Windows\System32\PSAPI.DLL
0x00007ffd955a0000 - 0x00007ffd955a9000 	C:\Windows\SYSTEM32\WSOCK32.dll
0x00007ffd953e0000 - 0x00007ffd95407000 	C:\Windows\SYSTEM32\WINMM.dll
0x00007ffd96430000 - 0x00007ffd9643a000 	C:\Windows\SYSTEM32\VERSION.dll
0x00007ffd9ff70000 - 0x00007ffd9ffdb000 	C:\Windows\System32\WS2_32.dll
0x00007ffd93e70000 - 0x00007ffd93e7f000 	C:\Program Files\OpenJDK\openjdk-8u275-b01\jre\bin\verify.dll
0x00007ffd7c6d0000 - 0x00007ffd7c6f9000 	C:\Program Files\OpenJDK\openjdk-8u275-b01\jre\bin\java.dll
0x00007ffd92170000 - 0x00007ffd92186000 	C:\Program Files\OpenJDK\openjdk-8u275-b01\jre\bin\zip.dll
0x00007ffda00c0000 - 0x00007ffda0803000 	C:\Windows\System32\SHELL32.dll
0x00007ffd9c850000 - 0x00007ffd9cfdf000 	C:\Windows\SYSTEM32\windows.storage.dll
0x00007ffda0810000 - 0x00007ffda0b66000 	C:\Windows\System32\combase.dll
0x00007ffd9e0a0000 - 0x00007ffd9e0cc000 	C:\Windows\SYSTEM32\Wldp.dll
0x00007ffd9f8b0000 - 0x00007ffd9f95e000 	C:\Windows\System32\SHCORE.dll
0x00007ffd9f5e0000 - 0x00007ffd9f635000 	C:\Windows\System32\shlwapi.dll
0x00007ffd9e640000 - 0x00007ffd9e666000 	C:\Windows\SYSTEM32\profapi.dll
0x00007ffd7c6b0000 - 0x00007ffd7c6cb000 	C:\Program Files\OpenJDK\openjdk-8u275-b01\jre\bin\net.dll
0x00007ffd9de90000 - 0x00007ffd9defa000 	C:\Windows\system32\mswsock.dll
0x00007ffd791e0000 - 0x00007ffd791f2000 	C:\Program Files\OpenJDK\openjdk-8u275-b01\jre\bin\nio.dll
0x00007ffd77e00000 - 0x00007ffd77e2a000 	C:\Users\DevPunk\.gradle\native\36\windows-amd64\native-platform.dll
0x00007ffd91be0000 - 0x00007ffd91bed000 	C:\Program Files\OpenJDK\openjdk-8u275-b01\jre\bin\management.dll
0x00007ffd9e0e0000 - 0x00007ffd9e0f8000 	C:\Windows\SYSTEM32\CRYPTSP.dll
0x00007ffd9d7e0000 - 0x00007ffd9d814000 	C:\Windows\system32\rsaenh.dll
0x00007ffd9ebc0000 - 0x00007ffd9ebe7000 	C:\Windows\System32\bcrypt.dll
0x00007ffd9e600000 - 0x00007ffd9e62e000 	C:\Windows\SYSTEM32\USERENV.dll
0x00007ffd9efb0000 - 0x00007ffd9f030000 	C:\Windows\System32\bcryptprimitives.dll
0x00007ffd9e010000 - 0x00007ffd9e01c000 	C:\Windows\SYSTEM32\CRYPTBASE.dll
0x00007ffd9db50000 - 0x00007ffd9db8b000 	C:\Windows\SYSTEM32\IPHLPAPI.DLL
0x00007ffd9f870000 - 0x00007ffd9f878000 	C:\Windows\System32\NSI.dll
0x00007ffd98ca0000 - 0x00007ffd98cb7000 	C:\Windows\SYSTEM32\dhcpcsvc6.DLL
0x00007ffd98c80000 - 0x00007ffd98c9d000 	C:\Windows\SYSTEM32\dhcpcsvc.DLL
0x00007ffd9dba0000 - 0x00007ffd9dc6b000 	C:\Windows\SYSTEM32\DNSAPI.dll
0x00007ffd9d410000 - 0x00007ffd9d443000 	C:\Windows\SYSTEM32\ntmarta.dll

VM Arguments:
jvm_args: -XX:MaxMetaspaceSize=256m -XX:+HeapDumpOnOutOfMemoryError -Xms256m -Xmx512m -Dfile.encoding=windows-1252 -Duser.country=BR -Duser.language=pt -Duser.variant 
java_command: org.gradle.launcher.daemon.bootstrap.GradleDaemon 6.2
java_class_path (initial): C:\Users\DevPunk\.gradle\wrapper\dists\gradle-6.2-all\dvufqs6kielxeao781pmk5huj\gradle-6.2\lib\gradle-launcher-6.2.jar
Launcher Type: SUN_STANDARD

Environment Variables:
JAVA_HOME=C:\Program Files\OpenJDK\openjdk-8u275-b01
CLASSPATH=D:\DEV\REACT-NATIVE\bia\android\\gradle\wrapper\gradle-wrapper.jar
PATH=D:\DEV\REACT-NATIVE\bia\android\node_modules\.bin;D:\DEV\REACT-NATIVE\bia\node_modules\.bin;D:\DEV\REACT-NATIVE\node_modules\.bin;D:\DEV\node_modules\.bin;D:\node_modules\.bin;C:\Program Files\nodejs;D:\DEV\REACT-NATIVE\bia\node_modules\.bin;D:\DEV\REACT-NATIVE\node_modules\.bin;D:\DEV\node_modules\.bin;D:\node_modules\.bin;C:\Program Files\nodejs\node_modules\npm\node_modules\@npmcli\run-script\lib\node-gyp-bin;D:\DEV\REACT-NATIVE\bia\node_modules\.bin;D:\DEV\REACT-NATIVE\node_modules\.bin;D:\DEV\node_modules\.bin;D:\node_modules\.bin;C:\Program Files\nodejs\node_modules\npm\node_modules\@npmcli\run-script\lib\node-gyp-bin;C:\Python39\Scripts\;C:\Python39\;C:\Program Files (x86)\Common Files\Oracle\Java\javapath;C:\Windows\system32;C:\Windows;C:\Windows\System32\Wbem;C:\Windows\System32\WindowsPowerShell\v1.0\;C:\Windows\System32\OpenSSH\;C:\Program Files\NVIDIA Corporation\NVIDIA NvDLISR;C:\Program Files\Git\cmd;C:\ProgramData\chocolatey\bin;C:\Program Files (x86)\NVIDIA Corporation\PhysX\Common;C:\Program Files\nodejs\;C:\Program Files\OpenJDK\openjdk-8u275-b01\bin;C:\Users\DevPunk\AppData\Local\Android\Sdk\tools;C:\Users\DevPunk\AppData\Local\Android\Sdk\tools\bin;C:\Users\DevPunk\AppData\Local\Android\Sdk\platform-tools;C:\Users\DevPunk\AppData\Local\Microsoft\WindowsApps;C:\Users\DevPunk\AppData\Local\Programs\Microsoft VS Code\bin;C:\Users\DevPunk\AppData\Roaming\npm;C:\Users\DevPunk\AppData\Local\Android\Sdk\emulator;C:\Users\DevPunk\AppData\Local\Android\Sdk\emulator\bin64
USERNAME=DevPunk
OS=Windows_NT
PROCESSOR_IDENTIFIER=AMD64 Family 23 Model 113 Stepping 0, AuthenticAMD



---------------  S Y S T E M  ---------------

OS: Windows 10.0 , 64 bit Build 19041 (10.0.19041.662)

CPU:total 12 (initial active 12) (12 cores per cpu, 1 threads per core) family 23 model 113 stepping 0, cmov, cx8, fxsr, mmx, sse, sse2, sse3, ssse3, sse4.1, sse4.2, popcnt, avx, avx2, aes, clmul, mmxext, 3dnowpref, lzcnt, sse4a, tsc, tscinvbit, tscinv, bmi1

Memory: 4k page, physical 4125276k(78180k free), swap 16708188k(2480k free)

vm_info: OpenJDK 64-Bit Server VM (25.275-b01) for windows-amd64 JRE (1.8.0_275-b01), built on Nov  6 2020 13:43:37 by "build" with MS VC++ 10.0 (VS2010)

time: Tue Feb 02 11:22:34 2021
timezone: Hora oficial do Brasil
elapsed time: 58.222243 seconds (0d 0h 0m 58s)

